/home/pietro/ackermann_ws/install/ackermann_core/lib/python3.12/site-packages/ackermann_core/base_node.py
/home/pietro/ackermann_ws/install/ackermann_core/lib/python3.12/site-packages/ackermann_core/__init__.py
/home/pietro/ackermann_ws/install/ackermann_core/lib/python3.12/site-packages/ackermann_core/hardware/__init__.py
/home/pietro/ackermann_ws/install/ackermann_core/lib/python3.12/site-packages/ackermann_core/hardware/ackermann_hal.py
/home/pietro/ackermann_ws/install/ackermann_core/lib/python3.12/site-packages/ackermann_core/tools/encoder_scanner.py
/home/pietro/ackermann_ws/install/ackermann_core/lib/python3.12/site-packages/ackermann_core/tools/__init__.py
/home/pietro/ackermann_ws/install/ackermann_core/lib/python3.12/site-packages/ackermann_core/tools/steering_calibration.py
/home/pietro/ackermann_ws/install/ackermann_core/lib/python3.12/site-packages/ackermann_core/__pycache__/base_node.cpython-312.pyc
/home/pietro/ackermann_ws/install/ackermann_core/lib/python3.12/site-packages/ackermann_core/__pycache__/__init__.cpython-312.pyc
/home/pietro/ackermann_ws/install/ackermann_core/lib/python3.12/site-packages/ackermann_core/hardware/__pycache__/__init__.cpython-312.pyc
/home/pietro/ackermann_ws/install/ackermann_core/lib/python3.12/site-packages/ackermann_core/hardware/__pycache__/ackermann_hal.cpython-312.pyc
/home/pietro/ackermann_ws/install/ackermann_core/lib/python3.12/site-packages/ackermann_core/tools/__pycache__/encoder_scanner.cpython-312.pyc
/home/pietro/ackermann_ws/install/ackermann_core/lib/python3.12/site-packages/ackermann_core/tools/__pycache__/__init__.cpython-312.pyc
/home/pietro/ackermann_ws/install/ackermann_core/lib/python3.12/site-packages/ackermann_core/tools/__pycache__/steering_calibration.cpython-312.pyc
/home/pietro/ackermann_ws/install/ackermann_core/share/ament_index/resource_index/packages/ackermann_core
/home/pietro/ackermann_ws/install/ackermann_core/share/ackermann_core/package.xml
/home/pietro/ackermann_ws/install/ackermann_core/lib/python3.12/site-packages/ackermann_core-0.0.0-py3.12.egg-info/dependency_links.txt
/home/pietro/ackermann_ws/install/ackermann_core/lib/python3.12/site-packages/ackermann_core-0.0.0-py3.12.egg-info/PKG-INFO
/home/pietro/ackermann_ws/install/ackermann_core/lib/python3.12/site-packages/ackermann_core-0.0.0-py3.12.egg-info/entry_points.txt
/home/pietro/ackermann_ws/install/ackermann_core/lib/python3.12/site-packages/ackermann_core-0.0.0-py3.12.egg-info/top_level.txt
/home/pietro/ackermann_ws/install/ackermann_core/lib/python3.12/site-packages/ackermann_core-0.0.0-py3.12.egg-info/requires.txt
/home/pietro/ackermann_ws/install/ackermann_core/lib/python3.12/site-packages/ackermann_core-0.0.0-py3.12.egg-info/zip-safe
/home/pietro/ackermann_ws/install/ackermann_core/lib/python3.12/site-packages/ackermann_core-0.0.0-py3.12.egg-info/SOURCES.txt
/home/pietro/ackermann_ws/install/ackermann_core/lib/ackermann_core/base_node
